<?xml version="1.0" ?>
<!DOCTYPE coverage SYSTEM "http://cobertura.sourceforge.net/xml/coverage-04.dtd">
<coverage lines-valid="194" lines-covered="194" line-rate="1" branches-valid="52" branches-covered="52" branch-rate="1" timestamp="1631139790399" complexity="0" version="0.1">
  <sources>
    <source>/home/runner/work/tssrp6a/tssrp6a</source>
  </sources>
  <packages>
    <class name="parameters.ts" filename="src/parameters.ts" line-rate="1" branch-rate="1">
      <methods>
        <method name="(anonymous_0)" hits="22" signature="()V">
          <lines>
            <line number="17" hits="22"/>
          </lines>
        </method>
      </methods>
      <lines>
        <line number="1" hits="1" branch="false"/>
        <line number="10" hits="1" branch="false"/>
        <line number="18" hits="22" branch="true" condition-coverage="100% (1/1)"/>
        <line number="19" hits="22" branch="true" condition-coverage="100% (1/1)"/>
        <line number="21" hits="22" branch="false"/>
        <line number="23" hits="22" branch="true" condition-coverage="100% (2/2)"/>
        <line number="24" hits="1" branch="false"/>
        <line number="29" hits="1" branch="false"/>
        <line number="68" hits="1" branch="false"/>
      </lines>
    </class>
    <class name="routines.ts" filename="src/routines.ts" line-rate="1" branch-rate="1">
      <methods>
        <method name="(anonymous_7)" hits="18" signature="()V">
          <lines>
            <line number="23" hits="18"/>
          </lines>
        </method>
        <method name="(anonymous_8)" hits="227" signature="()V">
          <lines>
            <line number="25" hits="227"/>
          </lines>
        </method>
        <method name="(anonymous_9)" hits="121" signature="()V">
          <lines>
            <line number="29" hits="121"/>
          </lines>
        </method>
        <method name="(anonymous_10)" hits="63" signature="()V">
          <lines>
            <line number="34" hits="63"/>
          </lines>
        </method>
        <method name="(anonymous_12)" hits="24" signature="()V">
          <lines>
            <line number="43" hits="24"/>
          </lines>
        </method>
        <method name="(anonymous_14)" hits="28" signature="()V">
          <lines>
            <line number="51" hits="28"/>
          </lines>
        </method>
        <method name="(anonymous_16)" hits="31" signature="()V">
          <lines>
            <line number="60" hits="31"/>
          </lines>
        </method>
        <method name="(anonymous_18)" hits="54" signature="()V">
          <lines>
            <line number="69" hits="54"/>
          </lines>
        </method>
        <method name="(anonymous_20)" hits="27" signature="()V">
          <lines>
            <line number="73" hits="27"/>
          </lines>
        </method>
        <method name="(anonymous_21)" hits="56" signature="()V">
          <lines>
            <line number="81" hits="56"/>
          </lines>
        </method>
        <method name="(anonymous_22)" hits="30" signature="()V">
          <lines>
            <line number="92" hits="30"/>
          </lines>
        </method>
        <method name="(anonymous_23)" hits="28" signature="()V">
          <lines>
            <line number="100" hits="28"/>
          </lines>
        </method>
        <method name="(anonymous_24)" hits="58" signature="()V">
          <lines>
            <line number="104" hits="58"/>
          </lines>
        </method>
        <method name="(anonymous_26)" hits="57" signature="()V">
          <lines>
            <line number="110" hits="57"/>
          </lines>
        </method>
        <method name="(anonymous_28)" hits="51" signature="()V">
          <lines>
            <line number="126" hits="51"/>
          </lines>
        </method>
        <method name="(anonymous_30)" hits="30" signature="()V">
          <lines>
            <line number="140" hits="30"/>
          </lines>
        </method>
      </methods>
      <lines>
        <line number="2" hits="1" branch="false"/>
        <line number="22" hits="1" branch="false"/>
        <line number="23" hits="18" branch="false"/>
        <line number="26" hits="227" branch="false"/>
        <line number="30" hits="121" branch="false"/>
        <line number="31" hits="121" branch="false"/>
        <line number="35" hits="63" branch="false"/>
        <line number="44" hits="24" branch="false"/>
        <line number="47" hits="24" branch="true" condition-coverage="100% (2/2)"/>
        <line number="48" hits="24" branch="false"/>
        <line number="52" hits="28" branch="false"/>
        <line number="64" hits="31" branch="false"/>
        <line number="70" hits="54" branch="false"/>
        <line number="74" hits="27" branch="false"/>
        <line number="82" hits="56" branch="false"/>
        <line number="85" hits="56" branch="false"/>
        <line number="86" hits="56" branch="false"/>
        <line number="89" hits="56" branch="false"/>
        <line number="93" hits="30" branch="false"/>
        <line number="101" hits="28" branch="false"/>
        <line number="105" hits="58" branch="false"/>
        <line number="117" hits="57" branch="false"/>
        <line number="131" hits="51" branch="false"/>
        <line number="147" hits="30" branch="false"/>
        <line number="148" hits="30" branch="false"/>
        <line number="149" hits="30" branch="false"/>
        <line number="151" hits="30" branch="false"/>
      </lines>
    </class>
    <class name="session-client.ts" filename="src/session-client.ts" line-rate="1" branch-rate="1">
      <methods>
        <method name="(anonymous_7)" hits="35" signature="()V">
          <lines>
            <line number="6" hits="35"/>
          </lines>
        </method>
        <method name="(anonymous_8)" hits="35" signature="()V">
          <lines>
            <line number="7" hits="35"/>
          </lines>
        </method>
        <method name="(anonymous_10)" hits="33" signature="()V">
          <lines>
            <line number="35" hits="33"/>
          </lines>
        </method>
        <method name="(anonymous_11)" hits="32" signature="()V">
          <lines>
            <line number="47" hits="32"/>
          </lines>
        </method>
        <method name="(anonymous_13)" hits="1" signature="()V">
          <lines>
            <line number="76" hits="1"/>
          </lines>
        </method>
        <method name="(anonymous_14)" hits="1" signature="()V">
          <lines>
            <line number="80" hits="1"/>
          </lines>
        </method>
        <method name="(anonymous_15)" hits="31" signature="()V">
          <lines>
            <line number="99" hits="31"/>
          </lines>
        </method>
        <method name="(anonymous_16)" hits="27" signature="()V">
          <lines>
            <line number="115" hits="27"/>
          </lines>
        </method>
        <method name="(anonymous_18)" hits="1" signature="()V">
          <lines>
            <line number="131" hits="1"/>
          </lines>
        </method>
        <method name="(anonymous_19)" hits="1" signature="()V">
          <lines>
            <line number="139" hits="1"/>
          </lines>
        </method>
      </methods>
      <lines>
        <line number="5" hits="1" branch="false"/>
        <line number="6" hits="35" branch="false"/>
        <line number="17" hits="35" branch="true" condition-coverage="100% (4/4)"/>
        <line number="18" hits="2" branch="false"/>
        <line number="20" hits="33" branch="true" condition-coverage="100% (2/2)"/>
        <line number="21" hits="1" branch="false"/>
        <line number="24" hits="32" branch="false"/>
        <line number="25" hits="32" branch="false"/>
        <line number="34" hits="1" branch="false"/>
        <line number="36" hits="33" branch="false"/>
        <line number="40" hits="33" branch="false"/>
        <line number="44" hits="33" branch="false"/>
        <line number="57" hits="32" branch="true" condition-coverage="100% (2/2)"/>
        <line number="58" hits="1" branch="false"/>
        <line number="61" hits="31" branch="true" condition-coverage="100% (2/2)"/>
        <line number="62" hits="1" branch="false"/>
        <line number="65" hits="30" branch="false"/>
        <line number="66" hits="30" branch="false"/>
        <line number="67" hits="30" branch="false"/>
        <line number="68" hits="30" branch="false"/>
        <line number="69" hits="30" branch="false"/>
        <line number="70" hits="30" branch="false"/>
        <line number="71" hits="30" branch="false"/>
        <line number="73" hits="30" branch="false"/>
        <line number="77" hits="1" branch="false"/>
        <line number="84" hits="1" branch="false"/>
        <line number="98" hits="1" branch="false"/>
        <line number="100" hits="31" branch="false"/>
        <line number="104" hits="31" branch="false"/>
        <line number="108" hits="31" branch="false"/>
        <line number="112" hits="31" branch="false"/>
        <line number="116" hits="27" branch="true" condition-coverage="100% (2/2)"/>
        <line number="117" hits="1" branch="false"/>
        <line number="120" hits="26" branch="false"/>
        <line number="126" hits="26" branch="true" condition-coverage="100% (2/2)"/>
        <line number="127" hits="1" branch="false"/>
        <line number="132" hits="1" branch="false"/>
        <line number="143" hits="1" branch="false"/>
      </lines>
    </class>
    <class name="session-server.ts" filename="src/session-server.ts" line-rate="1" branch-rate="1">
      <methods>
        <method name="(anonymous_7)" hits="32" signature="()V">
          <lines>
            <line number="8" hits="32"/>
          </lines>
        </method>
        <method name="(anonymous_8)" hits="32" signature="()V">
          <lines>
            <line number="10" hits="32"/>
          </lines>
        </method>
        <method name="(anonymous_10)" hits="33" signature="()V">
          <lines>
            <line number="52" hits="33"/>
          </lines>
        </method>
        <method name="(anonymous_11)" hits="30" signature="()V">
          <lines>
            <line number="79" hits="30"/>
          </lines>
        </method>
        <method name="(anonymous_13)" hits="32" signature="()V">
          <lines>
            <line number="104" hits="32"/>
          </lines>
        </method>
        <method name="(anonymous_15)" hits="1" signature="()V">
          <lines>
            <line number="137" hits="1"/>
          </lines>
        </method>
        <method name="(anonymous_16)" hits="1" signature="()V">
          <lines>
            <line number="147" hits="1"/>
          </lines>
        </method>
        <method name="(anonymous_17)" hits="32" signature="()V">
          <lines>
            <line number="162" hits="32"/>
          </lines>
        </method>
        <method name="(anonymous_18)" hits="27" signature="()V">
          <lines>
            <line number="174" hits="27"/>
          </lines>
        </method>
      </methods>
      <lines>
        <line number="3" hits="1" branch="false"/>
        <line number="7" hits="1" branch="false"/>
        <line number="8" hits="32" branch="false"/>
        <line number="24" hits="32" branch="false"/>
        <line number="25" hits="32" branch="false"/>
        <line number="26" hits="32" branch="false"/>
        <line number="32" hits="32" branch="false"/>
        <line number="51" hits="1" branch="false"/>
        <line number="53" hits="33" branch="false"/>
        <line number="57" hits="33" branch="false"/>
        <line number="61" hits="33" branch="false"/>
        <line number="65" hits="33" branch="false"/>
        <line number="69" hits="33" branch="false"/>
        <line number="73" hits="33" branch="false"/>
        <line number="85" hits="30" branch="true" condition-coverage="100% (2/2)"/>
        <line number="86" hits="2" branch="false"/>
        <line number="89" hits="28" branch="true" condition-coverage="100% (2/2)"/>
        <line number="90" hits="1" branch="false"/>
        <line number="93" hits="27" branch="false"/>
        <line number="94" hits="27" branch="false"/>
        <line number="101" hits="27" branch="false"/>
        <line number="114" hits="32" branch="true" condition-coverage="100% (2/2)"/>
        <line number="115" hits="2" branch="false"/>
        <line number="118" hits="30" branch="false"/>
        <line number="120" hits="27" branch="false"/>
        <line number="128" hits="27" branch="true" condition-coverage="100% (2/2)"/>
        <line number="129" hits="2" branch="false"/>
        <line number="132" hits="25" branch="false"/>
        <line number="134" hits="25" branch="false"/>
        <line number="138" hits="1" branch="false"/>
        <line number="151" hits="1" branch="false"/>
        <line number="162" hits="1" branch="false"/>
        <line number="168" hits="32" branch="false"/>
        <line number="174" hits="1" branch="false"/>
        <line number="181" hits="27" branch="false"/>
      </lines>
    </class>
    <class name="utils.ts" filename="src/utils.ts" line-rate="1" branch-rate="1">
      <methods>
        <method name="(anonymous_7)" hits="667" signature="()V">
          <lines>
            <line number="9" hits="667"/>
          </lines>
        </method>
        <method name="(anonymous_8)" hits="382" signature="()V">
          <lines>
            <line number="28" hits="382"/>
          </lines>
        </method>
        <method name="(anonymous_9)" hits="35294" signature="()V">
          <lines>
            <line number="31" hits="35294"/>
          </lines>
        </method>
        <method name="stringToArrayBuffer" hits="62" signature="()V">
          <lines>
            <line number="41" hits="62"/>
          </lines>
        </method>
        <method name="(anonymous_11)" hits="247" signature="()V">
          <lines>
            <line number="52" hits="247"/>
          </lines>
        </method>
        <method name="hash" hits="376" signature="()V">
          <lines>
            <line number="66" hits="376"/>
          </lines>
        </method>
        <method name="(anonymous_13)" hits="772" signature="()V">
          <lines>
            <line number="70" hits="772"/>
          </lines>
        </method>
        <method name="hashPadded" hits="121" signature="()V">
          <lines>
            <line number="79" hits="121"/>
          </lines>
        </method>
        <method name="(anonymous_15)" hits="242" signature="()V">
          <lines>
            <line number="84" hits="242"/>
          </lines>
        </method>
        <method name="generateRandomString" hits="82" signature="()V">
          <lines>
            <line number="95" hits="82"/>
          </lines>
        </method>
        <method name="(anonymous_17)" hits="584" signature="()V">
          <lines>
            <line number="99" hits="584"/>
          </lines>
        </method>
        <method name="generateRandomBigInt" hits="91" signature="()V">
          <lines>
            <line number="109" hits="91"/>
          </lines>
        </method>
        <method name="createVerifier" hits="31" signature="()V">
          <lines>
            <line number="113" hits="31"/>
          </lines>
        </method>
        <method name="createVerifierAndSalt" hits="23" signature="()V">
          <lines>
            <line number="141" hits="23"/>
          </lines>
        </method>
        <method name="(anonymous_23)" hits="28" signature="()V">
          <lines>
            <line number="155" hits="28"/>
          </lines>
        </method>
        <method name="(anonymous_24)" hits="28" signature="()V">
          <lines>
            <line number="157" hits="28"/>
          </lines>
        </method>
        <method name="modPow" hits="219" signature="()V">
          <lines>
            <line number="166" hits="219"/>
          </lines>
        </method>
        <method name="(anonymous_26)" hits="91" signature="()V">
          <lines>
            <line number="189" hits="91"/>
          </lines>
        </method>
      </methods>
      <lines>
        <line number="3" hits="1" branch="false"/>
        <line number="5" hits="1" branch="false"/>
        <line number="6" hits="1" branch="false"/>
        <line number="7" hits="1" branch="false"/>
        <line number="9" hits="1" branch="false"/>
        <line number="10" hits="667" branch="false"/>
        <line number="11" hits="667" branch="false"/>
        <line number="12" hits="667" branch="false"/>
        <line number="13" hits="667" branch="false"/>
        <line number="15" hits="667" branch="true" condition-coverage="100% (2/2)"/>
        <line number="16" hits="116" branch="false"/>
        <line number="17" hits="116" branch="false"/>
        <line number="19" hits="667" branch="false"/>
        <line number="20" hits="122202" branch="false"/>
        <line number="25" hits="667" branch="false"/>
        <line number="28" hits="1" branch="false"/>
        <line number="29" hits="382" branch="false"/>
        <line number="31" hits="382" branch="false"/>
        <line number="32" hits="35294" branch="false"/>
        <line number="34" hits="382" branch="false"/>
        <line number="41" hits="1" branch="false"/>
        <line number="42" hits="62" branch="false"/>
        <line number="52" hits="1" branch="false"/>
        <line number="56" hits="247" branch="false"/>
        <line number="57" hits="247" branch="true" condition-coverage="100% (2/2)"/>
        <line number="58" hits="71" branch="false"/>
        <line number="59" hits="71" branch="false"/>
        <line number="60" hits="71" branch="false"/>
        <line number="61" hits="71" branch="false"/>
        <line number="63" hits="176" branch="false"/>
        <line number="66" hits="1" branch="false"/>
        <line number="70" hits="772" branch="false"/>
        <line number="71" hits="376" branch="false"/>
        <line number="72" hits="376" branch="false"/>
        <line number="73" hits="772" branch="false"/>
        <line number="74" hits="772" branch="false"/>
        <line number="76" hits="376" branch="false"/>
        <line number="79" hits="1" branch="false"/>
        <line number="84" hits="121" branch="false"/>
        <line number="85" hits="242" branch="false"/>
        <line number="87" hits="121" branch="false"/>
        <line number="95" hits="1" branch="true" condition-coverage="100% (1/1)"/>
        <line number="96" hits="82" branch="false"/>
        <line number="97" hits="82" branch="false"/>
        <line number="98" hits="82" branch="false"/>
        <line number="100" hits="584" branch="false"/>
        <line number="101" hits="584" branch="true" condition-coverage="100% (2/2)"/>
        <line number="102" hits="45" branch="false"/>
        <line number="104" hits="539" branch="false"/>
        <line number="109" hits="1" branch="true" condition-coverage="100% (1/1)"/>
        <line number="110" hits="91" branch="false"/>
        <line number="113" hits="1" branch="false"/>
        <line number="119" hits="31" branch="true" condition-coverage="100% (4/4)"/>
        <line number="120" hits="2" branch="false"/>
        <line number="123" hits="29" branch="true" condition-coverage="100% (2/2)"/>
        <line number="124" hits="1" branch="false"/>
        <line number="127" hits="28" branch="true" condition-coverage="100% (2/2)"/>
        <line number="128" hits="1" branch="false"/>
        <line number="131" hits="27" branch="false"/>
        <line number="133" hits="27" branch="false"/>
        <line number="141" hits="1" branch="false"/>
        <line number="147" hits="23" branch="false"/>
        <line number="149" hits="23" branch="false"/>
        <line number="155" hits="1" branch="false"/>
        <line number="157" hits="28" branch="false"/>
        <line number="158" hits="28" branch="false"/>
        <line number="166" hits="1" branch="false"/>
        <line number="167" hits="219" branch="true" condition-coverage="100% (2/2)"/>
        <line number="168" hits="3" branch="false"/>
        <line number="170" hits="216" branch="true" condition-coverage="100% (2/2)"/>
        <line number="171" hits="1" branch="false"/>
        <line number="173" hits="215" branch="true" condition-coverage="100% (2/2)"/>
        <line number="174" hits="2" branch="false"/>
        <line number="176" hits="213" branch="false"/>
        <line number="177" hits="213" branch="false"/>
        <line number="178" hits="417321" branch="true" condition-coverage="100% (2/2)"/>
        <line number="179" hits="139260" branch="false"/>
        <line number="180" hits="139260" branch="false"/>
        <line number="182" hits="278061" branch="false"/>
        <line number="183" hits="278061" branch="false"/>
        <line number="186" hits="213" branch="false"/>
        <line number="189" hits="1" branch="false"/>
        <line number="190" hits="91" branch="false"/>
        <line number="191" hits="91" branch="false"/>
        <line number="192" hits="91" branch="false"/>
      </lines>
    </class>
  </packages>
</coverage>
